<?xml version="1.0" encoding="UTF-8"?>
<!-- Generated by org.testng.reporters.JUnitReportReporter -->
<testsuite hostname="DESKTOP-8H3JR7M" failures="0" tests="1" name="nopCommerce.user.User_Register" time="6.045" errors="0" timestamp="19 Feb 2025 07:26:10 GMT" skipped="0">
  <testcase classname="nopCommerce.user.User_Register" name="TC_03_Register_Success" time="6.045"/>
</testsuite> <!-- nopCommerce.user.User_Register -->
