<?xml version="1.0" encoding="UTF-8"?>
<!-- Generated by org.testng.reporters.JUnitReportReporter -->
<testsuite hostname="DESKTOP-8H3JR7M" failures="0" tests="1" name="nopCommerce.user.User_Login" time="5.776" errors="0" timestamp="24 Feb 2025 07:41:06 GMT" skipped="0">
  <testcase classname="nopCommerce.user.User_Login" name="Login_06_Valid_Login" time="5.776"/>
</testsuite> <!-- nopCommerce.user.User_Login -->
